e:\program files\vsproject\svm_ui\svm_c++\release\svm.pch
e:\program files\vsproject\svm_ui\svm_c++\release\vc120.pdb
e:\program files\vsproject\svm_ui\svm_c++\release\stdafx.obj
e:\program files\vsproject\svm_ui\svm_c++\release\svm_learn_main.obj
e:\program files\vsproject\svm_ui\svm_c++\release\svm_learn.obj
e:\program files\vsproject\svm_ui\svm_c++\release\svm_common.obj
e:\program files\vsproject\svm_ui\svm_c++\release\svm_classify.obj
e:\program files\vsproject\svm_ui\svm_c++\release\svmview.obj
e:\program files\vsproject\svm_ui\svm_c++\release\svmdoc.obj
e:\program files\vsproject\svm_ui\svm_c++\release\svm.obj
e:\program files\vsproject\svm_ui\svm_c++\release\promptdlg.obj
e:\program files\vsproject\svm_ui\svm_c++\release\performpage.obj
e:\program files\vsproject\svm_ui\svm_c++\release\optimizepage.obj
e:\program files\vsproject\svm_ui\svm_c++\release\learnpage.obj
e:\program files\vsproject\svm_ui\svm_c++\release\learndlg.obj
e:\program files\vsproject\svm_ui\svm_c++\release\kerpage.obj
e:\program files\vsproject\svm_ui\svm_c++\release\generalpage.obj
e:\program files\vsproject\svm_ui\svm_c++\release\compute_result.obj
e:\program files\vsproject\svm_ui\svm_c++\release\compute_prompt.obj
e:\program files\vsproject\svm_ui\svm_c++\release\compute_param.obj
e:\program files\vsproject\svm_ui\svm_c++\release\classifydlg.obj
e:\program files\vsproject\svm_ui\svm_c++\release\svm.tlog\cl.command.1.tlog
e:\program files\vsproject\svm_ui\svm_c++\release\svm.tlog\cl.read.1.tlog
e:\program files\vsproject\svm_ui\svm_c++\release\svm.tlog\cl.write.1.tlog
